<?xml version="1.0" encoding="UTF-8" ?>
<testsuite failures="2" time="6.266" errors="0" skipped="0" tests="2" name="book.SectionManagerTest">
  <properties>
[...]
</properties>
  <testcase time="6.11" classname="book.SectionManagerTest" name="testGetAllSections">
    <failure message="Wrong number of questions expected:&lt;7&gt; but was:&lt;2&gt;" type="java.lang.AssertionError">java.lang.AssertionError: Wrong number of questions expected:&lt;7&gt; but was:&lt;2&gt;
	at org.junit.Assert.fail(Assert.java:91)
	at org.junit.Assert.failNotEquals(Assert.java:645)
	at org.junit.Assert.assertEquals(Assert.java:126)
	at org.junit.Assert.assertEquals(Assert.java:470)
	at book.SectionManagerTest.testGetAllSections(SectionManagerTest.java:45)
	at sun.reflect.NativeMethodAccessorImpl.invoke0(Native Method)
	at sun.reflect.NativeMethodAccessorImpl.invoke(Unknown Source)
	at sun.reflect.DelegatingMethodAccessorImpl.invoke(Unknown Source)
	at java.lang.reflect.Method.invoke(Unknown Source)
	at org.junit.runners.model.FrameworkMethod$1.runReflectiveCall(FrameworkMethod.java:44)
	at org.junit.internal.runners.model.ReflectiveCallable.run(ReflectiveCallable.java:15)
	at org.junit.runners.model.FrameworkMethod.invokeExplosively(FrameworkMethod.java:41)
	at org.junit.internal.runners.statements.InvokeMethod.evaluate(InvokeMethod.java:20)
	at org.junit.internal.runners.statements.RunBefores.evaluate(RunBefores.java:28)
	at org.junit.runners.BlockJUnit4ClassRunner.runChild(BlockJUnit4ClassRunner.java:76)
	at org.junit.runners.BlockJUnit4ClassRunner.runChild(BlockJUnit4ClassRunner.java:50)
	at org.junit.runners.ParentRunner$3.run(ParentRunner.java:193)
	at org.junit.runners.ParentRunner$1.schedule(ParentRunner.java:52)
	at org.junit.runners.ParentRunner.runChildren(ParentRunner.java:191)
	at org.junit.runners.ParentRunner.access$000(ParentRunner.java:42)
	at org.junit.runners.ParentRunner$2.evaluate(ParentRunner.java:184)
	at org.junit.runners.ParentRunner.run(ParentRunner.java:236)
	at org.apache.maven.surefire.junit4.JUnit4TestSet.execute(JUnit4TestSet.java:35)
	at org.apache.maven.surefire.junit4.JUnit4Provider.executeTestSet(JUnit4Provider.java:146)
	at org.apache.maven.surefire.junit4.JUnit4Provider.invoke(JUnit4Provider.java:97)
	at sun.reflect.NativeMethodAccessorImpl.invoke0(Native Method)
	at sun.reflect.NativeMethodAccessorImpl.invoke(Unknown Source)
	at sun.reflect.DelegatingMethodAccessorImpl.invoke(Unknown Source)
	at java.lang.reflect.Method.invoke(Unknown Source)
	at org.apache.maven.surefire.booter.ProviderFactory$ClassLoaderProxy.invoke(ProviderFactory.java:103)
	at $Proxy0.invoke(Unknown Source)
	at org.apache.maven.surefire.booter.SurefireStarter.invokeProvider(SurefireStarter.java:145)
	at org.apache.maven.surefire.booter.SurefireStarter.runSuitesInProcess(SurefireStarter.java:87)
	at org.apache.maven.surefire.booter.ForkedBooter.main(ForkedBooter.java:69)
</failure>
    <system-out>@HL
@HL-------------------------------------------------------
@HL T E S T S
@HL-------------------------------------------------------
@SLRunning book.SectionManagerTest
Hibernate: 
    select
        section0_.section_id as section1_0_,
        section0_.has_child as has2_0_,
        section0_.instruction_id as instruct4_0_,
        section0_.section_name as section3_0_ 
    from
        section section0_
Hibernate: 
    select
        instructio0_.instruction_id as instruct1_2_0_,
        instructio0_.instruction_name as instruct2_2_0_,
        instructio0_.instruction_txt as instruct3_2_0_ 
    from
        instruction instructio0_ 
    where
        instructio0_.instruction_id=?
Hibernate: 
    select
        children0_.parent_id as parent5_0_2_,
        children0_.section_id as section1_2_,
        children0_.section_id as section1_0_1_,
        children0_.has_child as has2_0_1_,
        children0_.instruction_id as instruct4_0_1_,
        children0_.section_name as section3_0_1_,
        instructio1_.instruction_id as instruct1_2_0_,
        instructio1_.instruction_name as instruct2_2_0_,
        instructio1_.instruction_txt as instruct3_2_0_ 
    from
        section children0_ 
    left outer join
        instruction instructio1_ 
            on children0_.instruction_id=instructio1_.instruction_id 
    where
        children0_.parent_id=?
Hibernate: 
    select
        children0_.parent_id as parent5_0_2_,
        children0_.section_id as section1_2_,
        children0_.section_id as section1_0_1_,
        children0_.has_child as has2_0_1_,
        children0_.instruction_id as instruct4_0_1_,
        children0_.section_name as section3_0_1_,
        instructio1_.instruction_id as instruct1_2_0_,
        instructio1_.instruction_name as instruct2_2_0_,
        instructio1_.instruction_txt as instruct3_2_0_ 
    from
        section children0_ 
    left outer join
        instruction instructio1_ 
            on children0_.instruction_id=instructio1_.instruction_id 
    where
        children0_.parent_id=?
</system-out>
  </testcase>
  <testcase time="0.094" classname="book.SectionManagerTest" name="testGetSection">
    <failure message="wrong Section Name expected:&lt;[Reading Writing Center]&gt; but was:&lt;[Top]&gt;" type="org.junit.ComparisonFailure">org.junit.ComparisonFailure: wrong Section Name expected:&lt;[Reading Writing Center]&gt; but was:&lt;[Top]&gt;
	at org.junit.Assert.assertEquals(Assert.java:123)
	at book.SectionManagerTest.testGetSection(SectionManagerTest.java:53)
	at sun.reflect.NativeMethodAccessorImpl.invoke0(Native Method)
	at sun.reflect.NativeMethodAccessorImpl.invoke(Unknown Source)
	at sun.reflect.DelegatingMethodAccessorImpl.invoke(Unknown Source)
	at java.lang.reflect.Method.invoke(Unknown Source)
	at org.junit.runners.model.FrameworkMethod$1.runReflectiveCall(FrameworkMethod.java:44)
	at org.junit.internal.runners.model.ReflectiveCallable.run(ReflectiveCallable.java:15)
	at org.junit.runners.model.FrameworkMethod.invokeExplosively(FrameworkMethod.java:41)
	at org.junit.internal.runners.statements.InvokeMethod.evaluate(InvokeMethod.java:20)
	at org.junit.internal.runners.statements.RunBefores.evaluate(RunBefores.java:28)
	at org.junit.runners.BlockJUnit4ClassRunner.runChild(BlockJUnit4ClassRunner.java:76)
	at org.junit.runners.BlockJUnit4ClassRunner.runChild(BlockJUnit4ClassRunner.java:50)
	at org.junit.runners.ParentRunner$3.run(ParentRunner.java:193)
	at org.junit.runners.ParentRunner$1.schedule(ParentRunner.java:52)
	at org.junit.runners.ParentRunner.runChildren(ParentRunner.java:191)
	at org.junit.runners.ParentRunner.access$000(ParentRunner.java:42)
	at org.junit.runners.ParentRunner$2.evaluate(ParentRunner.java:184)
	at org.junit.runners.ParentRunner.run(ParentRunner.java:236)
	at org.apache.maven.surefire.junit4.JUnit4TestSet.execute(JUnit4TestSet.java:35)
	at org.apache.maven.surefire.junit4.JUnit4Provider.executeTestSet(JUnit4Provider.java:146)
	at org.apache.maven.surefire.junit4.JUnit4Provider.invoke(JUnit4Provider.java:97)
	at sun.reflect.NativeMethodAccessorImpl.invoke0(Native Method)
	at sun.reflect.NativeMethodAccessorImpl.invoke(Unknown Source)
	at sun.reflect.DelegatingMethodAccessorImpl.invoke(Unknown Source)
	at java.lang.reflect.Method.invoke(Unknown Source)
	at org.apache.maven.surefire.booter.ProviderFactory$ClassLoaderProxy.invoke(ProviderFactory.java:103)
	at $Proxy0.invoke(Unknown Source)
	at org.apache.maven.surefire.booter.SurefireStarter.invokeProvider(SurefireStarter.java:145)
	at org.apache.maven.surefire.booter.SurefireStarter.runSuitesInProcess(SurefireStarter.java:87)
	at org.apache.maven.surefire.booter.ForkedBooter.main(ForkedBooter.java:69)
</failure>
    <system-out>Hibernate: 
    select
        section0_.section_id as section1_6_2_,
        section0_.has_child as has2_6_2_,
        section0_.instruction_id as instruct4_6_2_,
        section0_.section_name as section3_6_2_,
        children1_.parent_id as parent5_6_4_,
        children1_.section_id as section1_4_,
        children1_.section_id as section1_6_0_,
        children1_.has_child as has2_6_0_,
        children1_.instruction_id as instruct4_6_0_,
        children1_.section_name as section3_6_0_,
        instructio2_.instruction_id as instruct1_8_1_,
        instructio2_.instruction_name as instruct2_8_1_,
        instructio2_.instruction_txt as instruct3_8_1_ 
    from
        section section0_ 
    left outer join
        section children1_ 
            on section0_.section_id=children1_.parent_id 
    left outer join
        instruction instructio2_ 
            on children1_.instruction_id=instructio2_.instruction_id 
    where
        section0_.section_id=?
Hibernate: 
    select
        children0_.parent_id as parent5_6_2_,
        children0_.section_id as section1_2_,
        children0_.section_id as section1_6_1_,
        children0_.has_child as has2_6_1_,
        children0_.instruction_id as instruct4_6_1_,
        children0_.section_name as section3_6_1_,
        instructio1_.instruction_id as instruct1_8_0_,
        instructio1_.instruction_name as instruct2_8_0_,
        instructio1_.instruction_txt as instruct3_8_0_ 
    from
        section children0_ 
    left outer join
        instruction instructio1_ 
            on children0_.instruction_id=instructio1_.instruction_id 
    where
        children0_.parent_id=?
</system-out>
  </testcase>
</testsuite>