<?xml version="1.0" encoding="UTF-8" ?>
<testsuite failures="1" time="8.563" errors="4" skipped="0" tests="5" name="book.QuestionManagerTest">
  <properties>
[...]
</properties>
  <testcase time="7.813" classname="book.QuestionManagerTest" name="testGetAllQuesitions">
    <failure message="Wrong number of questions expected:&lt;4&gt; but was:&lt;0&gt;" type="java.lang.AssertionError">java.lang.AssertionError: Wrong number of questions expected:&lt;4&gt; but was:&lt;0&gt;
	at org.junit.Assert.fail(Assert.java:91)
	at org.junit.Assert.failNotEquals(Assert.java:645)
	at org.junit.Assert.assertEquals(Assert.java:126)
	at org.junit.Assert.assertEquals(Assert.java:470)
	at book.QuestionManagerTest.testGetAllQuesitions(QuestionManagerTest.java:71)
	at sun.reflect.NativeMethodAccessorImpl.invoke0(Native Method)
	at sun.reflect.NativeMethodAccessorImpl.invoke(Unknown Source)
	at sun.reflect.DelegatingMethodAccessorImpl.invoke(Unknown Source)
	at java.lang.reflect.Method.invoke(Unknown Source)
	at org.junit.runners.model.FrameworkMethod$1.runReflectiveCall(FrameworkMethod.java:44)
	at org.junit.internal.runners.model.ReflectiveCallable.run(ReflectiveCallable.java:15)
	at org.junit.runners.model.FrameworkMethod.invokeExplosively(FrameworkMethod.java:41)
	at org.junit.internal.runners.statements.InvokeMethod.evaluate(InvokeMethod.java:20)
	at org.junit.internal.runners.statements.RunBefores.evaluate(RunBefores.java:28)
	at org.junit.runners.BlockJUnit4ClassRunner.runChild(BlockJUnit4ClassRunner.java:76)
	at org.junit.runners.BlockJUnit4ClassRunner.runChild(BlockJUnit4ClassRunner.java:50)
	at org.junit.runners.ParentRunner$3.run(ParentRunner.java:193)
	at org.junit.runners.ParentRunner$1.schedule(ParentRunner.java:52)
	at org.junit.runners.ParentRunner.runChildren(ParentRunner.java:191)
	at org.junit.runners.ParentRunner.access$000(ParentRunner.java:42)
	at org.junit.runners.ParentRunner$2.evaluate(ParentRunner.java:184)
	at org.junit.runners.ParentRunner.run(ParentRunner.java:236)
	at org.apache.maven.surefire.junit4.JUnit4TestSet.execute(JUnit4TestSet.java:35)
	at org.apache.maven.surefire.junit4.JUnit4Provider.executeTestSet(JUnit4Provider.java:146)
	at org.apache.maven.surefire.junit4.JUnit4Provider.invoke(JUnit4Provider.java:97)
	at sun.reflect.NativeMethodAccessorImpl.invoke0(Native Method)
	at sun.reflect.NativeMethodAccessorImpl.invoke(Unknown Source)
	at sun.reflect.DelegatingMethodAccessorImpl.invoke(Unknown Source)
	at java.lang.reflect.Method.invoke(Unknown Source)
	at org.apache.maven.surefire.booter.ProviderFactory$ClassLoaderProxy.invoke(ProviderFactory.java:103)
	at $Proxy0.invoke(Unknown Source)
	at org.apache.maven.surefire.booter.SurefireStarter.invokeProvider(SurefireStarter.java:145)
	at org.apache.maven.surefire.booter.SurefireStarter.runSuitesInProcess(SurefireStarter.java:87)
	at org.apache.maven.surefire.booter.ForkedBooter.main(ForkedBooter.java:69)
</failure>
    <system-out>@HL
@HL-------------------------------------------------------
@HL T E S T S
@HL-------------------------------------------------------
@SLRunning book.QuestionManagerTest
Hibernate: 
    select
        question0_.question_id as question1_0_,
        question0_.question_answer as question2_0_,
        question0_.question_options as question3_0_,
        question0_.question_txt as question4_0_,
        question0_.section_id as section5_0_ 
    from
        question question0_
</system-out>
  </testcase>
  <testcase time="0.109" classname="book.QuestionManagerTest" name="testGetQuestion">
    <error message="No row with the given identifier exists: [book.entities.Question#1]" type="org.hibernate.ObjectNotFoundException">org.hibernate.ObjectNotFoundException: No row with the given identifier exists: [book.entities.Question#1]
	at org.hibernate.impl.SessionFactoryImpl$2.handleEntityNotFound(SessionFactoryImpl.java:447)
	at org.hibernate.proxy.AbstractLazyInitializer.checkTargetState(AbstractLazyInitializer.java:189)
	at org.hibernate.proxy.AbstractLazyInitializer.initialize(AbstractLazyInitializer.java:178)
	at org.hibernate.proxy.AbstractLazyInitializer.getImplementation(AbstractLazyInitializer.java:215)
	at org.hibernate.proxy.pojo.javassist.JavassistLazyInitializer.invoke(JavassistLazyInitializer.java:191)
	at book.entities.Question_$$_javassist_2.toString(Question_$$_javassist_2.java)
	at book.QuestionManagerTest.testGetQuestion(QuestionManagerTest.java:82)
	at sun.reflect.NativeMethodAccessorImpl.invoke0(Native Method)
	at sun.reflect.NativeMethodAccessorImpl.invoke(Unknown Source)
	at sun.reflect.DelegatingMethodAccessorImpl.invoke(Unknown Source)
	at java.lang.reflect.Method.invoke(Unknown Source)
	at org.junit.runners.model.FrameworkMethod$1.runReflectiveCall(FrameworkMethod.java:44)
	at org.junit.internal.runners.model.ReflectiveCallable.run(ReflectiveCallable.java:15)
	at org.junit.runners.model.FrameworkMethod.invokeExplosively(FrameworkMethod.java:41)
	at org.junit.internal.runners.statements.InvokeMethod.evaluate(InvokeMethod.java:20)
	at org.junit.internal.runners.statements.RunBefores.evaluate(RunBefores.java:28)
	at org.junit.runners.BlockJUnit4ClassRunner.runChild(BlockJUnit4ClassRunner.java:76)
	at org.junit.runners.BlockJUnit4ClassRunner.runChild(BlockJUnit4ClassRunner.java:50)
	at org.junit.runners.ParentRunner$3.run(ParentRunner.java:193)
	at org.junit.runners.ParentRunner$1.schedule(ParentRunner.java:52)
	at org.junit.runners.ParentRunner.runChildren(ParentRunner.java:191)
	at org.junit.runners.ParentRunner.access$000(ParentRunner.java:42)
	at org.junit.runners.ParentRunner$2.evaluate(ParentRunner.java:184)
	at org.junit.runners.ParentRunner.run(ParentRunner.java:236)
	at org.apache.maven.surefire.junit4.JUnit4TestSet.execute(JUnit4TestSet.java:35)
	at org.apache.maven.surefire.junit4.JUnit4Provider.executeTestSet(JUnit4Provider.java:146)
	at org.apache.maven.surefire.junit4.JUnit4Provider.invoke(JUnit4Provider.java:97)
	at sun.reflect.NativeMethodAccessorImpl.invoke0(Native Method)
	at sun.reflect.NativeMethodAccessorImpl.invoke(Unknown Source)
	at sun.reflect.DelegatingMethodAccessorImpl.invoke(Unknown Source)
	at java.lang.reflect.Method.invoke(Unknown Source)
	at org.apache.maven.surefire.booter.ProviderFactory$ClassLoaderProxy.invoke(ProviderFactory.java:103)
	at $Proxy0.invoke(Unknown Source)
	at org.apache.maven.surefire.booter.SurefireStarter.invokeProvider(SurefireStarter.java:145)
	at org.apache.maven.surefire.booter.SurefireStarter.runSuitesInProcess(SurefireStarter.java:87)
	at org.apache.maven.surefire.booter.ForkedBooter.main(ForkedBooter.java:69)
</error>
    <system-out>Hibernate: 
    select
        question0_.question_id as question1_6_3_,
        question0_.question_answer as question2_6_3_,
        question0_.question_options as question3_6_3_,
        question0_.question_txt as question4_6_3_,
        question0_.section_id as section5_6_3_,
        section1_.section_id as section1_7_0_,
        section1_.has_child as has2_7_0_,
        section1_.instruction_id as instruct4_7_0_,
        section1_.section_name as section3_7_0_,
        children2_.parent_id as parent5_7_5_,
        children2_.section_id as section1_5_,
        children2_.section_id as section1_7_1_,
        children2_.has_child as has2_7_1_,
        children2_.instruction_id as instruct4_7_1_,
        children2_.section_name as section3_7_1_,
        instructio3_.instruction_id as instruct1_8_2_,
        instructio3_.instruction_name as instruct2_8_2_,
        instructio3_.instruction_txt as instruct3_8_2_ 
    from
        question question0_ 
    inner join
        section section1_ 
            on question0_.section_id=section1_.section_id 
    left outer join
        section children2_ 
            on section1_.section_id=children2_.parent_id 
    left outer join
        instruction instructio3_ 
            on section1_.instruction_id=instructio3_.instruction_id 
    where
        question0_.question_id=?
</system-out>
  </testcase>
  <testcase time="0.094" classname="book.QuestionManagerTest" name="testaddQuestion">
    <error message="No row with the given identifier exists: [book.entities.Section#3]" type="org.hibernate.ObjectNotFoundException">org.hibernate.ObjectNotFoundException: No row with the given identifier exists: [book.entities.Section#3]
	at org.hibernate.impl.SessionFactoryImpl$2.handleEntityNotFound(SessionFactoryImpl.java:447)
	at org.hibernate.proxy.AbstractLazyInitializer.checkTargetState(AbstractLazyInitializer.java:189)
	at org.hibernate.proxy.AbstractLazyInitializer.initialize(AbstractLazyInitializer.java:178)
	at org.hibernate.proxy.AbstractLazyInitializer.getImplementation(AbstractLazyInitializer.java:215)
	at org.hibernate.proxy.pojo.javassist.JavassistLazyInitializer.invoke(JavassistLazyInitializer.java:191)
	at book.entities.Section_$$_javassist_0.getSectionName(Section_$$_javassist_0.java)
	at book.entities.Question.toString(Question.java:89)
	at book.hibernate.QuestionManager.addQuestion(QuestionManager.java:53)
	at book.QuestionManagerTest.testaddQuestion(QuestionManagerTest.java:97)
	at sun.reflect.NativeMethodAccessorImpl.invoke0(Native Method)
	at sun.reflect.NativeMethodAccessorImpl.invoke(Unknown Source)
	at sun.reflect.DelegatingMethodAccessorImpl.invoke(Unknown Source)
	at java.lang.reflect.Method.invoke(Unknown Source)
	at org.junit.runners.model.FrameworkMethod$1.runReflectiveCall(FrameworkMethod.java:44)
	at org.junit.internal.runners.model.ReflectiveCallable.run(ReflectiveCallable.java:15)
	at org.junit.runners.model.FrameworkMethod.invokeExplosively(FrameworkMethod.java:41)
	at org.junit.internal.runners.statements.InvokeMethod.evaluate(InvokeMethod.java:20)
	at org.junit.internal.runners.statements.RunBefores.evaluate(RunBefores.java:28)
	at org.junit.runners.BlockJUnit4ClassRunner.runChild(BlockJUnit4ClassRunner.java:76)
	at org.junit.runners.BlockJUnit4ClassRunner.runChild(BlockJUnit4ClassRunner.java:50)
	at org.junit.runners.ParentRunner$3.run(ParentRunner.java:193)
	at org.junit.runners.ParentRunner$1.schedule(ParentRunner.java:52)
	at org.junit.runners.ParentRunner.runChildren(ParentRunner.java:191)
	at org.junit.runners.ParentRunner.access$000(ParentRunner.java:42)
	at org.junit.runners.ParentRunner$2.evaluate(ParentRunner.java:184)
	at org.junit.runners.ParentRunner.run(ParentRunner.java:236)
	at org.apache.maven.surefire.junit4.JUnit4TestSet.execute(JUnit4TestSet.java:35)
	at org.apache.maven.surefire.junit4.JUnit4Provider.executeTestSet(JUnit4Provider.java:146)
	at org.apache.maven.surefire.junit4.JUnit4Provider.invoke(JUnit4Provider.java:97)
	at sun.reflect.NativeMethodAccessorImpl.invoke0(Native Method)
	at sun.reflect.NativeMethodAccessorImpl.invoke(Unknown Source)
	at sun.reflect.DelegatingMethodAccessorImpl.invoke(Unknown Source)
	at java.lang.reflect.Method.invoke(Unknown Source)
	at org.apache.maven.surefire.booter.ProviderFactory$ClassLoaderProxy.invoke(ProviderFactory.java:103)
	at $Proxy0.invoke(Unknown Source)
	at org.apache.maven.surefire.booter.SurefireStarter.invokeProvider(SurefireStarter.java:145)
	at org.apache.maven.surefire.booter.SurefireStarter.runSuitesInProcess(SurefireStarter.java:87)
	at org.apache.maven.surefire.booter.ForkedBooter.main(ForkedBooter.java:69)
</error>
    <system-out>Hibernate: 
    select
        question0_.question_id as question1_12_,
        question0_.question_answer as question2_12_,
        question0_.question_options as question3_12_,
        question0_.question_txt as question4_12_,
        question0_.section_id as section5_12_ 
    from
        question question0_
Size before Insertion: 0
Hibernate: 
    select
        section0_.section_id as section1_13_2_,
        section0_.has_child as has2_13_2_,
        section0_.instruction_id as instruct4_13_2_,
        section0_.section_name as section3_13_2_,
        children1_.parent_id as parent5_13_4_,
        children1_.section_id as section1_4_,
        children1_.section_id as section1_13_0_,
        children1_.has_child as has2_13_0_,
        children1_.instruction_id as instruct4_13_0_,
        children1_.section_name as section3_13_0_,
        instructio2_.instruction_id as instruct1_14_1_,
        instructio2_.instruction_name as instruct2_14_1_,
        instructio2_.instruction_txt as instruct3_14_1_ 
    from
        section section0_ 
    left outer join
        section children1_ 
            on section0_.section_id=children1_.parent_id 
    left outer join
        instruction instructio2_ 
            on children1_.instruction_id=instructio2_.instruction_id 
    where
        section0_.section_id=?
</system-out>
  </testcase>
  <testcase time="0.063" classname="book.QuestionManagerTest" name="testRemoveQuestion">
    <error message="No row with the given identifier exists: [book.entities.Question#2]" type="org.hibernate.ObjectNotFoundException">org.hibernate.ObjectNotFoundException: No row with the given identifier exists: [book.entities.Question#2]
	at org.hibernate.impl.SessionFactoryImpl$2.handleEntityNotFound(SessionFactoryImpl.java:447)
	at org.hibernate.proxy.AbstractLazyInitializer.checkTargetState(AbstractLazyInitializer.java:189)
	at org.hibernate.proxy.AbstractLazyInitializer.initialize(AbstractLazyInitializer.java:178)
	at org.hibernate.proxy.AbstractLazyInitializer.getImplementation(AbstractLazyInitializer.java:215)
	at org.hibernate.engine.StatefulPersistenceContext.unproxyAndReassociate(StatefulPersistenceContext.java:618)
	at org.hibernate.event.def.DefaultDeleteEventListener.onDelete(DefaultDeleteEventListener.java:90)
	at org.hibernate.event.def.DefaultDeleteEventListener.onDelete(DefaultDeleteEventListener.java:74)
	at org.hibernate.impl.SessionImpl.fireDelete(SessionImpl.java:948)
	at org.hibernate.impl.SessionImpl.delete(SessionImpl.java:926)
	at book.hibernate.QuestionManager.removeQuestion(QuestionManager.java:58)
	at book.QuestionManagerTest.testRemoveQuestion(QuestionManagerTest.java:109)
	at sun.reflect.NativeMethodAccessorImpl.invoke0(Native Method)
	at sun.reflect.NativeMethodAccessorImpl.invoke(Unknown Source)
	at sun.reflect.DelegatingMethodAccessorImpl.invoke(Unknown Source)
	at java.lang.reflect.Method.invoke(Unknown Source)
	at org.junit.runners.model.FrameworkMethod$1.runReflectiveCall(FrameworkMethod.java:44)
	at org.junit.internal.runners.model.ReflectiveCallable.run(ReflectiveCallable.java:15)
	at org.junit.runners.model.FrameworkMethod.invokeExplosively(FrameworkMethod.java:41)
	at org.junit.internal.runners.statements.InvokeMethod.evaluate(InvokeMethod.java:20)
	at org.junit.internal.runners.statements.RunBefores.evaluate(RunBefores.java:28)
	at org.junit.runners.BlockJUnit4ClassRunner.runChild(BlockJUnit4ClassRunner.java:76)
	at org.junit.runners.BlockJUnit4ClassRunner.runChild(BlockJUnit4ClassRunner.java:50)
	at org.junit.runners.ParentRunner$3.run(ParentRunner.java:193)
	at org.junit.runners.ParentRunner$1.schedule(ParentRunner.java:52)
	at org.junit.runners.ParentRunner.runChildren(ParentRunner.java:191)
	at org.junit.runners.ParentRunner.access$000(ParentRunner.java:42)
	at org.junit.runners.ParentRunner$2.evaluate(ParentRunner.java:184)
	at org.junit.runners.ParentRunner.run(ParentRunner.java:236)
	at org.apache.maven.surefire.junit4.JUnit4TestSet.execute(JUnit4TestSet.java:35)
	at org.apache.maven.surefire.junit4.JUnit4Provider.executeTestSet(JUnit4Provider.java:146)
	at org.apache.maven.surefire.junit4.JUnit4Provider.invoke(JUnit4Provider.java:97)
	at sun.reflect.NativeMethodAccessorImpl.invoke0(Native Method)
	at sun.reflect.NativeMethodAccessorImpl.invoke(Unknown Source)
	at sun.reflect.DelegatingMethodAccessorImpl.invoke(Unknown Source)
	at java.lang.reflect.Method.invoke(Unknown Source)
	at org.apache.maven.surefire.booter.ProviderFactory$ClassLoaderProxy.invoke(ProviderFactory.java:103)
	at $Proxy0.invoke(Unknown Source)
	at org.apache.maven.surefire.booter.SurefireStarter.invokeProvider(SurefireStarter.java:145)
	at org.apache.maven.surefire.booter.SurefireStarter.runSuitesInProcess(SurefireStarter.java:87)
	at org.apache.maven.surefire.booter.ForkedBooter.main(ForkedBooter.java:69)
</error>
    <system-out>Hibernate: 
    select
        question0_.question_id as question1_18_,
        question0_.question_answer as question2_18_,
        question0_.question_options as question3_18_,
        question0_.question_txt as question4_18_,
        question0_.section_id as section5_18_ 
    from
        question question0_
Size before Deletion: 0
Hibernate: 
    select
        question0_.question_id as question1_18_3_,
        question0_.question_answer as question2_18_3_,
        question0_.question_options as question3_18_3_,
        question0_.question_txt as question4_18_3_,
        question0_.section_id as section5_18_3_,
        section1_.section_id as section1_19_0_,
        section1_.has_child as has2_19_0_,
        section1_.instruction_id as instruct4_19_0_,
        section1_.section_name as section3_19_0_,
        children2_.parent_id as parent5_19_5_,
        children2_.section_id as section1_5_,
        children2_.section_id as section1_19_1_,
        children2_.has_child as has2_19_1_,
        children2_.instruction_id as instruct4_19_1_,
        children2_.section_name as section3_19_1_,
        instructio3_.instruction_id as instruct1_20_2_,
        instructio3_.instruction_name as instruct2_20_2_,
        instructio3_.instruction_txt as instruct3_20_2_ 
    from
        question question0_ 
    inner join
        section section1_ 
            on question0_.section_id=section1_.section_id 
    left outer join
        section children2_ 
            on section1_.section_id=children2_.parent_id 
    left outer join
        instruction instructio3_ 
            on section1_.instruction_id=instructio3_.instruction_id 
    where
        question0_.question_id=?
</system-out>
  </testcase>
  <testcase time="0.078" classname="book.QuestionManagerTest" name="testUpdateQuestion">
    <error message="No row with the given identifier exists: [book.entities.Question#1]" type="org.hibernate.ObjectNotFoundException">org.hibernate.ObjectNotFoundException: No row with the given identifier exists: [book.entities.Question#1]
	at org.hibernate.impl.SessionFactoryImpl$2.handleEntityNotFound(SessionFactoryImpl.java:447)
	at org.hibernate.proxy.AbstractLazyInitializer.checkTargetState(AbstractLazyInitializer.java:189)
	at org.hibernate.proxy.AbstractLazyInitializer.initialize(AbstractLazyInitializer.java:178)
	at org.hibernate.proxy.AbstractLazyInitializer.getImplementation(AbstractLazyInitializer.java:215)
	at org.hibernate.proxy.pojo.javassist.JavassistLazyInitializer.invoke(JavassistLazyInitializer.java:191)
	at book.entities.Question_$$_javassist_2.toString(Question_$$_javassist_2.java)
	at book.QuestionManagerTest.testUpdateQuestion(QuestionManagerTest.java:127)
	at sun.reflect.NativeMethodAccessorImpl.invoke0(Native Method)
	at sun.reflect.NativeMethodAccessorImpl.invoke(Unknown Source)
	at sun.reflect.DelegatingMethodAccessorImpl.invoke(Unknown Source)
	at java.lang.reflect.Method.invoke(Unknown Source)
	at org.junit.runners.model.FrameworkMethod$1.runReflectiveCall(FrameworkMethod.java:44)
	at org.junit.internal.runners.model.ReflectiveCallable.run(ReflectiveCallable.java:15)
	at org.junit.runners.model.FrameworkMethod.invokeExplosively(FrameworkMethod.java:41)
	at org.junit.internal.runners.statements.InvokeMethod.evaluate(InvokeMethod.java:20)
	at org.junit.internal.runners.statements.RunBefores.evaluate(RunBefores.java:28)
	at org.junit.runners.BlockJUnit4ClassRunner.runChild(BlockJUnit4ClassRunner.java:76)
	at org.junit.runners.BlockJUnit4ClassRunner.runChild(BlockJUnit4ClassRunner.java:50)
	at org.junit.runners.ParentRunner$3.run(ParentRunner.java:193)
	at org.junit.runners.ParentRunner$1.schedule(ParentRunner.java:52)
	at org.junit.runners.ParentRunner.runChildren(ParentRunner.java:191)
	at org.junit.runners.ParentRunner.access$000(ParentRunner.java:42)
	at org.junit.runners.ParentRunner$2.evaluate(ParentRunner.java:184)
	at org.junit.runners.ParentRunner.run(ParentRunner.java:236)
	at org.apache.maven.surefire.junit4.JUnit4TestSet.execute(JUnit4TestSet.java:35)
	at org.apache.maven.surefire.junit4.JUnit4Provider.executeTestSet(JUnit4Provider.java:146)
	at org.apache.maven.surefire.junit4.JUnit4Provider.invoke(JUnit4Provider.java:97)
	at sun.reflect.NativeMethodAccessorImpl.invoke0(Native Method)
	at sun.reflect.NativeMethodAccessorImpl.invoke(Unknown Source)
	at sun.reflect.DelegatingMethodAccessorImpl.invoke(Unknown Source)
	at java.lang.reflect.Method.invoke(Unknown Source)
	at org.apache.maven.surefire.booter.ProviderFactory$ClassLoaderProxy.invoke(ProviderFactory.java:103)
	at $Proxy0.invoke(Unknown Source)
	at org.apache.maven.surefire.booter.SurefireStarter.invokeProvider(SurefireStarter.java:145)
	at org.apache.maven.surefire.booter.SurefireStarter.runSuitesInProcess(SurefireStarter.java:87)
	at org.apache.maven.surefire.booter.ForkedBooter.main(ForkedBooter.java:69)
</error>
    <system-out>Hibernate: 
    select
        question0_.question_id as question1_24_3_,
        question0_.question_answer as question2_24_3_,
        question0_.question_options as question3_24_3_,
        question0_.question_txt as question4_24_3_,
        question0_.section_id as section5_24_3_,
        section1_.section_id as section1_25_0_,
        section1_.has_child as has2_25_0_,
        section1_.instruction_id as instruct4_25_0_,
        section1_.section_name as section3_25_0_,
        children2_.parent_id as parent5_25_5_,
        children2_.section_id as section1_5_,
        children2_.section_id as section1_25_1_,
        children2_.has_child as has2_25_1_,
        children2_.instruction_id as instruct4_25_1_,
        children2_.section_name as section3_25_1_,
        instructio3_.instruction_id as instruct1_26_2_,
        instructio3_.instruction_name as instruct2_26_2_,
        instructio3_.instruction_txt as instruct3_26_2_ 
    from
        question question0_ 
    inner join
        section section1_ 
            on question0_.section_id=section1_.section_id 
    left outer join
        section children2_ 
            on section1_.section_id=children2_.parent_id 
    left outer join
        instruction instructio3_ 
            on section1_.instruction_id=instructio3_.instruction_id 
    where
        question0_.question_id=?
</system-out>
  </testcase>
</testsuite>