<?xml version="1.0" encoding="UTF-8" ?>
<testsuite failures="0" time="1.416" errors="0" skipped="0" tests="3" name="book.test.question.QuestionManagerTest">
  <properties>
[...]
</properties>
  <testcase time="1.316" classname="book.test.question.QuestionManagerTest" name="testGetAllAccounts"/>
  <testcase time="0.021" classname="book.test.question.QuestionManagerTest" name="testGetAccount"/>
  <testcase time="0.019" classname="book.test.question.QuestionManagerTest" name="testUpdateQuestion"/>
</testsuite>